<?xml version="1.0" encoding="UTF-8"?>
<testsuite xmlns:xsi="http://www.w3.org/2001/XMLSchema-instance" xsi:noNamespaceSchemaLocation="https://maven.apache.org/surefire/maven-surefire-plugin/xsd/surefire-test-report.xsd" name="logTest" time="0.804" tests="3" errors="0" skipped="0" failures="0">
  <properties>
[...]
</properties>
  <testcase name="get_speed_test" classname="logTest" time="0.273"/>
  <testcase name="get_position_test" classname="logTest" time="0.26"/>
  <testcase name="get_size_test" classname="logTest" time="0.268"/>
</testsuite>